{
  "stats": {
    "suites": 1,
    "tests": 7,
    "passes": 7,
    "pending": 0,
    "failures": 0,
    "start": "2021-10-18T09:12:14.107Z",
    "end": "2021-10-18T09:12:15.852Z",
    "duration": 1745,
    "testsRegistered": 7,
    "passPercent": 100,
    "pendingPercent": 0,
    "other": 0,
    "hasOther": false,
    "skipped": 0,
    "hasSkipped": false
  },
  "results": [
    {
      "uuid": "667a4a0e-c2b1-42ca-a1a9-0169c4de1a14",
      "title": "",
      "fullFile": "cypress/integration/e2e/4-preview.spec.js",
      "file": "cypress/integration/e2e/4-preview.spec.js",
      "beforeHooks": [],
      "afterHooks": [],
      "tests": [],
      "suites": [
        {
          "uuid": "1fc4937d-de21-4d83-831f-98610c4fe14a",
          "title": "Preview page tests",
          "fullFile": "",
          "file": "",
          "beforeHooks": [],
          "afterHooks": [],
          "tests": [
            {
              "title": "Preview page has expected page title",
              "fullTitle": "Preview page tests Preview page has expected page title",
              "timedOut": null,
              "duration": 1609,
              "state": "passed",
              "speed": "slow",
              "pass": true,
              "fail": false,
              "pending": false,
              "context": null,
              "code": "cy.title().should('eq', 'Preview Mode for Static Generation | Next.js Blog Example with Markdown');",
              "err": {},
              "uuid": "e8dc6f30-d9fa-4783-9284-aaccfdf0533b",
              "parentUUID": "1fc4937d-de21-4d83-831f-98610c4fe14a",
              "isHook": false,
              "skipped": false
            },
            {
              "title": "Preview page has expected title",
              "fullTitle": "Preview page tests Preview page has expected title",
              "timedOut": null,
              "duration": 21,
              "state": "passed",
              "speed": "fast",
              "pass": true,
              "fail": false,
              "pending": false,
              "context": null,
              "code": "cy.get('h1').contains('Preview Mode for Static Generation');",
              "err": {},
              "uuid": "bb9809cf-928e-4b3c-850b-ab3832f6b26e",
              "parentUUID": "1fc4937d-de21-4d83-831f-98610c4fe14a",
              "isHook": false,
              "skipped": false
            },
            {
              "title": "Preview Page has correct author and avatar",
              "fullTitle": "Preview page tests Preview Page has correct author and avatar",
              "timedOut": null,
              "duration": 19,
              "state": "passed",
              "speed": "fast",
              "pass": true,
              "fail": false,
              "pending": false,
              "context": null,
              "code": "cy.get('[data-testid=\"Joe Haddad\"]').should('contain.text', \"Joe Haddad\");\ncy.get('[data-testid=\"Joe Haddad\"]').find('img').should('have.attr', 'src').should('include', 'joe.jpeg');",
              "err": {},
              "uuid": "4edd0e6c-5f63-4444-b46d-f238c3f3cc8f",
              "parentUUID": "1fc4937d-de21-4d83-831f-98610c4fe14a",
              "isHook": false,
              "skipped": false
            },
            {
              "title": "Preview Page has expected picture",
              "fullTitle": "Preview page tests Preview Page has expected picture",
              "timedOut": null,
              "duration": 17,
              "state": "passed",
              "speed": "fast",
              "pass": true,
              "fail": false,
              "pending": false,
              "context": null,
              "code": "cy.get('[data-testid=\"coverImg-undefined\"]').should('be.visible').should('have.attr', 'src').should('include', 'preview%2Fcover.jpg');",
              "err": {},
              "uuid": "bd3dc22c-2e96-419f-88fb-671d3d452ce8",
              "parentUUID": "1fc4937d-de21-4d83-831f-98610c4fe14a",
              "isHook": false,
              "skipped": false
            },
            {
              "title": "Preview Page has correct timestamp",
              "fullTitle": "Preview page tests Preview Page has correct timestamp",
              "timedOut": null,
              "duration": 11,
              "state": "passed",
              "speed": "fast",
              "pass": true,
              "fail": false,
              "pending": false,
              "context": null,
              "code": "cy.get('time').contains('March 16, 2020');",
              "err": {},
              "uuid": "62dcd314-3d3c-4e70-b19b-0b35c9c984a2",
              "parentUUID": "1fc4937d-de21-4d83-831f-98610c4fe14a",
              "isHook": false,
              "skipped": false
            },
            {
              "title": "Preview page has correct content",
              "fullTitle": "Preview page tests Preview page has correct content",
              "timedOut": null,
              "duration": 19,
              "state": "passed",
              "speed": "fast",
              "pass": true,
              "fail": false,
              "pending": false,
              "context": null,
              "code": "cy.get('p').contains('Lorem ipsum dolor sit amet, consectetur adipiscing elit, sed do eiusmod tempor incididunt ut labore et dolore magna aliqua. Praesent elementum facilisis leo vel fringilla est ullamcorper eget. At imperdiet dui accumsan sit amet nulla facilities morbi tempus. Praesent elementum facilisis leo vel fringilla. Congue mauris rhoncus aenean vel. Egestas sed tempus urna et pharetra pharetra massa massa ultricies.');\ncy.get('h2').contains('Lorem Ipsum');",
              "err": {},
              "uuid": "8832d959-105f-47e1-bb47-cc0d73697694",
              "parentUUID": "1fc4937d-de21-4d83-831f-98610c4fe14a",
              "isHook": false,
              "skipped": false
            },
            {
              "title": "Footer title is correct",
              "fullTitle": "Preview page tests Footer title is correct",
              "timedOut": null,
              "duration": 10,
              "state": "passed",
              "speed": "fast",
              "pass": true,
              "fail": false,
              "pending": false,
              "context": null,
              "code": "cy.get('[data-testid=\"footer\"]').contains('Statically Generated with Next.js.');",
              "err": {},
              "uuid": "258dffff-947a-4b9c-8089-69e1ab008c76",
              "parentUUID": "1fc4937d-de21-4d83-831f-98610c4fe14a",
              "isHook": false,
              "skipped": false
            }
          ],
          "suites": [],
          "passes": [
            "e8dc6f30-d9fa-4783-9284-aaccfdf0533b",
            "bb9809cf-928e-4b3c-850b-ab3832f6b26e",
            "4edd0e6c-5f63-4444-b46d-f238c3f3cc8f",
            "bd3dc22c-2e96-419f-88fb-671d3d452ce8",
            "62dcd314-3d3c-4e70-b19b-0b35c9c984a2",
            "8832d959-105f-47e1-bb47-cc0d73697694",
            "258dffff-947a-4b9c-8089-69e1ab008c76"
          ],
          "failures": [],
          "pending": [],
          "skipped": [],
          "duration": 1706,
          "root": false,
          "rootEmpty": false,
          "_timeout": 2000
        }
      ],
      "passes": [],
      "failures": [],
      "pending": [],
      "skipped": [],
      "duration": 0,
      "root": true,
      "rootEmpty": true,
      "_timeout": 2000
    }
  ],
  "meta": {
    "mocha": {
      "version": "7.0.1"
    },
    "mochawesome": {
      "options": {
        "quiet": false,
        "reportFilename": "mochawesome",
        "saveHtml": false,
        "saveJson": true,
        "consoleReporter": "spec",
        "useInlineDiffs": false,
        "code": true
      },
      "version": "6.3.1"
    },
    "marge": {
      "options": {
        "overwrite": false,
        "html": false,
        "json": true
      },
      "version": "5.2.0"
    }
  }
}