{
  "stats": {
    "suites": 1,
    "tests": 7,
    "passes": 7,
    "pending": 0,
    "failures": 0,
    "start": "2021-10-18T09:12:11.330Z",
    "end": "2021-10-18T09:12:13.097Z",
    "duration": 1767,
    "testsRegistered": 7,
    "passPercent": 100,
    "pendingPercent": 0,
    "other": 0,
    "hasOther": false,
    "skipped": 0,
    "hasSkipped": false
  },
  "results": [
    {
      "uuid": "4dbb3474-1458-4051-b5b5-334a510287a3",
      "title": "",
      "fullFile": "cypress/integration/e2e/3-hello-world.spec.js",
      "file": "cypress/integration/e2e/3-hello-world.spec.js",
      "beforeHooks": [],
      "afterHooks": [],
      "tests": [],
      "suites": [
        {
          "uuid": "25ad65ed-db65-4015-ac36-f76da6b4a845",
          "title": "Hello World page tests",
          "fullFile": "",
          "file": "",
          "beforeHooks": [],
          "afterHooks": [],
          "tests": [
            {
              "title": "Hello World page has expected page title",
              "fullTitle": "Hello World page tests Hello World page has expected page title",
              "timedOut": null,
              "duration": 1630,
              "state": "passed",
              "speed": "slow",
              "pass": true,
              "fail": false,
              "pending": false,
              "context": null,
              "code": "cy.title().should('eq', 'Learn How to Pre-render Pages Using Static Generation with Next.js | Next.js Blog Example with Markdown');",
              "err": {},
              "uuid": "9463ff93-c086-4100-88f4-fd25057ad411",
              "parentUUID": "25ad65ed-db65-4015-ac36-f76da6b4a845",
              "isHook": false,
              "skipped": false
            },
            {
              "title": "Hello World has expected title",
              "fullTitle": "Hello World page tests Hello World has expected title",
              "timedOut": null,
              "duration": 21,
              "state": "passed",
              "speed": "fast",
              "pass": true,
              "fail": false,
              "pending": false,
              "context": null,
              "code": "cy.get('h1').contains('Learn How to Pre-render Pages Using Static Generation with Next.js');",
              "err": {},
              "uuid": "e3eeaaf8-1761-4b0c-a56f-e89f0d645c1a",
              "parentUUID": "25ad65ed-db65-4015-ac36-f76da6b4a845",
              "isHook": false,
              "skipped": false
            },
            {
              "title": "Hello World Page has correct author and avatar",
              "fullTitle": "Hello World page tests Hello World Page has correct author and avatar",
              "timedOut": null,
              "duration": 19,
              "state": "passed",
              "speed": "fast",
              "pass": true,
              "fail": false,
              "pending": false,
              "context": null,
              "code": "cy.get('[data-testid=\"Tim Neutkens\"]').should('contain.text', \"Tim Neutkens\");\ncy.get('[data-testid=\"Tim Neutkens\"]').find('img').should('have.attr', 'src').should('include', 'tim.jpeg');",
              "err": {},
              "uuid": "940a9cfa-9d99-4668-bdc9-0b1c663f8021",
              "parentUUID": "25ad65ed-db65-4015-ac36-f76da6b4a845",
              "isHook": false,
              "skipped": false
            },
            {
              "title": "Hello World Page has expected picture",
              "fullTitle": "Hello World page tests Hello World Page has expected picture",
              "timedOut": null,
              "duration": 17,
              "state": "passed",
              "speed": "fast",
              "pass": true,
              "fail": false,
              "pending": false,
              "context": null,
              "code": "cy.get('[data-testid=\"coverImg-undefined\"]').should('be.visible').should('have.attr', 'src').should('include', 'hello-world%2Fcover.jpg');",
              "err": {},
              "uuid": "143e2369-1446-4eed-8623-42ab65fe4561",
              "parentUUID": "25ad65ed-db65-4015-ac36-f76da6b4a845",
              "isHook": false,
              "skipped": false
            },
            {
              "title": "Hello WorldPage has correct timestamp",
              "fullTitle": "Hello World page tests Hello WorldPage has correct timestamp",
              "timedOut": null,
              "duration": 11,
              "state": "passed",
              "speed": "fast",
              "pass": true,
              "fail": false,
              "pending": false,
              "context": null,
              "code": "cy.get('time').contains('March 16, 2020');",
              "err": {},
              "uuid": "214eaeec-9037-4eba-ad2a-042d89138743",
              "parentUUID": "25ad65ed-db65-4015-ac36-f76da6b4a845",
              "isHook": false,
              "skipped": false
            },
            {
              "title": "Hello World page has correct content",
              "fullTitle": "Hello World page tests Hello World page has correct content",
              "timedOut": null,
              "duration": 18,
              "state": "passed",
              "speed": "fast",
              "pass": true,
              "fail": false,
              "pending": false,
              "context": null,
              "code": "cy.get('p').contains('Lorem ipsum dolor sit amet, consectetur adipiscing elit, sed do eiusmod tempor incididunt ut labore et dolore magna aliqua. Praesent elementum facilisis leo vel fringilla est ullamcorper eget. At imperdiet dui accumsan sit amet nulla facilities morbi tempus. Praesent elementum facilisis leo vel fringilla. Congue mauris rhoncus aenean vel. Egestas sed tempus urna et pharetra pharetra massa massa ultricies.');\ncy.get('h2').contains('Lorem Ipsum');",
              "err": {},
              "uuid": "38f329a6-b010-4cc3-ac86-d6e356b7f50c",
              "parentUUID": "25ad65ed-db65-4015-ac36-f76da6b4a845",
              "isHook": false,
              "skipped": false
            },
            {
              "title": "Footer title is correct",
              "fullTitle": "Hello World page tests Footer title is correct",
              "timedOut": null,
              "duration": 9,
              "state": "passed",
              "speed": "fast",
              "pass": true,
              "fail": false,
              "pending": false,
              "context": null,
              "code": "cy.get('[data-testid=\"footer\"]').contains('Statically Generated with Next.js.');",
              "err": {},
              "uuid": "e823c4f3-81f2-452c-801a-bb82ea9f71dd",
              "parentUUID": "25ad65ed-db65-4015-ac36-f76da6b4a845",
              "isHook": false,
              "skipped": false
            }
          ],
          "suites": [],
          "passes": [
            "9463ff93-c086-4100-88f4-fd25057ad411",
            "e3eeaaf8-1761-4b0c-a56f-e89f0d645c1a",
            "940a9cfa-9d99-4668-bdc9-0b1c663f8021",
            "143e2369-1446-4eed-8623-42ab65fe4561",
            "214eaeec-9037-4eba-ad2a-042d89138743",
            "38f329a6-b010-4cc3-ac86-d6e356b7f50c",
            "e823c4f3-81f2-452c-801a-bb82ea9f71dd"
          ],
          "failures": [],
          "pending": [],
          "skipped": [],
          "duration": 1725,
          "root": false,
          "rootEmpty": false,
          "_timeout": 2000
        }
      ],
      "passes": [],
      "failures": [],
      "pending": [],
      "skipped": [],
      "duration": 0,
      "root": true,
      "rootEmpty": true,
      "_timeout": 2000
    }
  ],
  "meta": {
    "mocha": {
      "version": "7.0.1"
    },
    "mochawesome": {
      "options": {
        "quiet": false,
        "reportFilename": "mochawesome",
        "saveHtml": false,
        "saveJson": true,
        "consoleReporter": "spec",
        "useInlineDiffs": false,
        "code": true
      },
      "version": "6.3.1"
    },
    "marge": {
      "options": {
        "overwrite": false,
        "html": false,
        "json": true
      },
      "version": "5.2.0"
    }
  }
}