{
  "stats": {
    "suites": 1,
    "tests": 7,
    "passes": 7,
    "pending": 0,
    "failures": 0,
    "start": "2021-10-18T09:12:08.792Z",
    "end": "2021-10-18T09:12:10.618Z",
    "duration": 1826,
    "testsRegistered": 7,
    "passPercent": 100,
    "pendingPercent": 0,
    "other": 0,
    "hasOther": false,
    "skipped": 0,
    "hasSkipped": false
  },
  "results": [
    {
      "uuid": "d2676f28-3b0b-4809-8d3e-fa9e313d1a29",
      "title": "",
      "fullFile": "cypress/integration/e2e/2-dynamic-routing.spec.js",
      "file": "cypress/integration/e2e/2-dynamic-routing.spec.js",
      "beforeHooks": [],
      "afterHooks": [],
      "tests": [],
      "suites": [
        {
          "uuid": "a78b7076-e0ec-4a49-ac05-9e6a9462100c",
          "title": "Dynamic routing page tests",
          "fullFile": "",
          "file": "",
          "beforeHooks": [],
          "afterHooks": [],
          "tests": [
            {
              "title": "Dynamic routing has expected page title",
              "fullTitle": "Dynamic routing page tests Dynamic routing has expected page title",
              "timedOut": null,
              "duration": 1675,
              "state": "passed",
              "speed": "slow",
              "pass": true,
              "fail": false,
              "pending": false,
              "context": null,
              "code": "cy.title().should('eq', 'Dynamic Routing and Static Generation | Next.js Blog Example with Markdown');",
              "err": {},
              "uuid": "5c816ee6-3f8f-489e-b521-590888fc0190",
              "parentUUID": "a78b7076-e0ec-4a49-ac05-9e6a9462100c",
              "isHook": false,
              "skipped": false
            },
            {
              "title": "Dynamic Page has expected title",
              "fullTitle": "Dynamic routing page tests Dynamic Page has expected title",
              "timedOut": null,
              "duration": 24,
              "state": "passed",
              "speed": "fast",
              "pass": true,
              "fail": false,
              "pending": false,
              "context": null,
              "code": "cy.get('h1').contains('Dynamic Routing and Static Generation');",
              "err": {},
              "uuid": "689323ca-5395-4039-8be1-d8e693fcb2ef",
              "parentUUID": "a78b7076-e0ec-4a49-ac05-9e6a9462100c",
              "isHook": false,
              "skipped": false
            },
            {
              "title": "Dynamic Page has correct author and avatar",
              "fullTitle": "Dynamic routing page tests Dynamic Page has correct author and avatar",
              "timedOut": null,
              "duration": 19,
              "state": "passed",
              "speed": "fast",
              "pass": true,
              "fail": false,
              "pending": false,
              "context": null,
              "code": "cy.get('[data-testid=\"JJ Kasper\"]').should('contain.text', \"JJ Kasper\");\ncy.get('[data-testid=\"JJ Kasper\"]').find('img').should('have.attr', 'src').should('include', 'jj.jpeg');",
              "err": {},
              "uuid": "7ee4a44c-b3a4-4eb5-919b-cf04c5b90168",
              "parentUUID": "a78b7076-e0ec-4a49-ac05-9e6a9462100c",
              "isHook": false,
              "skipped": false
            },
            {
              "title": "Dynamic Page has expected picture",
              "fullTitle": "Dynamic routing page tests Dynamic Page has expected picture",
              "timedOut": null,
              "duration": 16,
              "state": "passed",
              "speed": "fast",
              "pass": true,
              "fail": false,
              "pending": false,
              "context": null,
              "code": "cy.get('[data-testid=\"coverImg-undefined\"]').should('be.visible').should('have.attr', 'src').should('include', 'dynamic-routing%2Fcover.jpg');",
              "err": {},
              "uuid": "8e9e285c-c4b9-44a9-b479-f20645fc4472",
              "parentUUID": "a78b7076-e0ec-4a49-ac05-9e6a9462100c",
              "isHook": false,
              "skipped": false
            },
            {
              "title": "Dynamic Page has correct timestamp",
              "fullTitle": "Dynamic routing page tests Dynamic Page has correct timestamp",
              "timedOut": null,
              "duration": 10,
              "state": "passed",
              "speed": "fast",
              "pass": true,
              "fail": false,
              "pending": false,
              "context": null,
              "code": "cy.get('time').contains('March 16, 2020');",
              "err": {},
              "uuid": "16e31123-7257-45fb-9df2-ed181569cace",
              "parentUUID": "a78b7076-e0ec-4a49-ac05-9e6a9462100c",
              "isHook": false,
              "skipped": false
            },
            {
              "title": "Dynamic page has correct content",
              "fullTitle": "Dynamic routing page tests Dynamic page has correct content",
              "timedOut": null,
              "duration": 19,
              "state": "passed",
              "speed": "fast",
              "pass": true,
              "fail": false,
              "pending": false,
              "context": null,
              "code": "cy.get('p').contains('Lorem ipsum dolor sit amet, consectetur adipiscing elit, sed do eiusmod tempor incididunt ut labore et dolore magna aliqua. Praesent elementum facilisis leo vel fringilla est ullamcorper eget. At imperdiet dui accumsan sit amet nulla facilities morbi tempus. Praesent elementum facilisis leo vel fringilla. Congue mauris rhoncus aenean vel. Egestas sed tempus urna et pharetra pharetra massa massa ultricies.');\ncy.get('h2').contains('Lorem Ipsum');",
              "err": {},
              "uuid": "e60c43fc-6deb-48df-ab8b-20127312bccc",
              "parentUUID": "a78b7076-e0ec-4a49-ac05-9e6a9462100c",
              "isHook": false,
              "skipped": false
            },
            {
              "title": "Footer title is correct",
              "fullTitle": "Dynamic routing page tests Footer title is correct",
              "timedOut": null,
              "duration": 11,
              "state": "passed",
              "speed": "fast",
              "pass": true,
              "fail": false,
              "pending": false,
              "context": null,
              "code": "cy.get('[data-testid=\"footer\"]').contains('Statically Generated with Next.js.');",
              "err": {},
              "uuid": "8f1bd937-0977-4ee8-8d1a-e4c5e153d0b1",
              "parentUUID": "a78b7076-e0ec-4a49-ac05-9e6a9462100c",
              "isHook": false,
              "skipped": false
            }
          ],
          "suites": [],
          "passes": [
            "5c816ee6-3f8f-489e-b521-590888fc0190",
            "689323ca-5395-4039-8be1-d8e693fcb2ef",
            "7ee4a44c-b3a4-4eb5-919b-cf04c5b90168",
            "8e9e285c-c4b9-44a9-b479-f20645fc4472",
            "16e31123-7257-45fb-9df2-ed181569cace",
            "e60c43fc-6deb-48df-ab8b-20127312bccc",
            "8f1bd937-0977-4ee8-8d1a-e4c5e153d0b1"
          ],
          "failures": [],
          "pending": [],
          "skipped": [],
          "duration": 1774,
          "root": false,
          "rootEmpty": false,
          "_timeout": 2000
        }
      ],
      "passes": [],
      "failures": [],
      "pending": [],
      "skipped": [],
      "duration": 0,
      "root": true,
      "rootEmpty": true,
      "_timeout": 2000
    }
  ],
  "meta": {
    "mocha": {
      "version": "7.0.1"
    },
    "mochawesome": {
      "options": {
        "quiet": false,
        "reportFilename": "mochawesome",
        "saveHtml": false,
        "saveJson": true,
        "consoleReporter": "spec",
        "useInlineDiffs": false,
        "code": true
      },
      "version": "6.3.1"
    },
    "marge": {
      "options": {
        "overwrite": false,
        "html": false,
        "json": true
      },
      "version": "5.2.0"
    }
  }
}